08/Jan/2023 22:18:51,696- LibraryThreadRun: Application started
08/Jan/2023 22:18:51,701- BookLibrary: Add books by free ready to library...
08/Jan/2023 22:18:51,701- Book: Create new book: name = Book0, byReadyRoom = false, timeReady = 306
08/Jan/2023 22:18:51,701- Book: Create new book: name = Book1, byReadyRoom = false, timeReady = 482
08/Jan/2023 22:18:51,701- Book: Create new book: name = Book2, byReadyRoom = false, timeReady = 1137
08/Jan/2023 22:18:51,701- Book: Create new book: name = Book3, byReadyRoom = false, timeReady = 1285
08/Jan/2023 22:18:51,701- Book: Create new book: name = Book4, byReadyRoom = false, timeReady = 541
08/Jan/2023 22:18:51,702- BookLibrary: Add books by ready room to library...
08/Jan/2023 22:18:51,702- Book: Create new book: name = Book5, byReadyRoom = true, timeReady = 168
08/Jan/2023 22:18:51,702- Book: Create new book: name = Book6, byReadyRoom = true, timeReady = 1721
08/Jan/2023 22:18:51,702- Book: Create new book: name = Book7, byReadyRoom = true, timeReady = 1768
08/Jan/2023 22:18:51,702- Book: Create new book: name = Book8, byReadyRoom = true, timeReady = 106
08/Jan/2023 22:18:51,702- Book: Create new book: name = Book9, byReadyRoom = true, timeReady = 515
08/Jan/2023 22:18:51,702- BookLibrary: Add peoples readers to library...
08/Jan/2023 22:18:51,702- PeopleReader: Create new people reader: name = People0
08/Jan/2023 22:18:51,702- PeopleReader: Create new people reader: name = People1
08/Jan/2023 22:18:51,702- PeopleReader: Create new people reader: name = People2
08/Jan/2023 22:18:51,702- PeopleReader: Create new people reader: name = People3
08/Jan/2023 22:18:51,703- PeopleReader: Create new people reader: name = People4
08/Jan/2023 22:18:51,703- PeopleReader: Create new people reader: name = People5
08/Jan/2023 22:18:51,703- PeopleReader: Create new people reader: name = People6
08/Jan/2023 22:18:51,703- PeopleReader: Create new people reader: name = People7
08/Jan/2023 22:18:51,703- PeopleReader: Create new people reader: name = People8
08/Jan/2023 22:18:51,703- PeopleReader: Create new people reader: name = People9
08/Jan/2023 22:18:51,703- PeopleReader: People2 won't come to library
08/Jan/2023 22:18:51,704- PeopleReader: People8 won't come to library
08/Jan/2023 22:18:51,704- PeopleReader: People9 won't come to library
08/Jan/2023 22:18:51,724- PeopleReader: People5 came to library
08/Jan/2023 22:18:51,724- PeopleReader: People5 chose the book = Book1
08/Jan/2023 22:18:51,724- Book: People5: Book1 start is reading...
08/Jan/2023 22:18:51,732- PeopleReader: People7 came to library
08/Jan/2023 22:18:51,732- PeopleReader: People7 chose the book = Book4
08/Jan/2023 22:18:51,732- Book: People7: Book4 start is reading...
08/Jan/2023 22:18:51,735- PeopleReader: People4 came to library
08/Jan/2023 22:18:51,735- PeopleReader: People4 chose the book = Book8
08/Jan/2023 22:18:51,735- Book: People4: Book8 start is reading...
08/Jan/2023 22:18:51,769- PeopleReader: People4 chose the book = Book9
08/Jan/2023 22:18:51,769- Book: People4: Book9 start is reading...
08/Jan/2023 22:18:51,770- PeopleReader: People1 came to library
08/Jan/2023 22:18:51,770- PeopleReader: People1 left library
08/Jan/2023 22:18:51,796- Book: People4: Book8 stop reading...
08/Jan/2023 22:18:51,797- PeopleReader: People3 came to library
08/Jan/2023 22:18:51,797- PeopleReader: People3 chose the book = Book0
08/Jan/2023 22:18:51,797- Book: People3: Book0 start is reading...
08/Jan/2023 22:18:51,801- PeopleReader: People6 came to library
08/Jan/2023 22:18:51,801- PeopleReader: People6 chose the book = Book0
08/Jan/2023 22:18:51,801- Book: People6: Book0 start is reading...
08/Jan/2023 22:18:51,805- PeopleReader: People0 came to library
08/Jan/2023 22:18:51,805- PeopleReader: People0 chose the book = Book6
08/Jan/2023 22:18:51,805- Book: People0: Book6 start is reading...
08/Jan/2023 22:18:51,813- PeopleReader: People4 chose the book = Book3
08/Jan/2023 22:18:51,813- Book: People4: Book3 start is reading...
08/Jan/2023 22:18:51,870- PeopleReader: People0 chose the book = Book7
08/Jan/2023 22:18:51,870- Book: People0: Book7 start is reading...
08/Jan/2023 22:18:51,881- Book: People6: Book0 stop reading...
08/Jan/2023 22:18:51,884- PeopleReader: People6 chose the book = Book2
08/Jan/2023 22:18:51,884- Book: People6: Book2 start is reading...
08/Jan/2023 22:18:51,911- Book: People3: Book0 stop reading...
08/Jan/2023 22:18:51,914- Book: People6: Book2 stop reading...
08/Jan/2023 22:18:51,941- Book: People5: Book1 stop reading...
08/Jan/2023 22:18:51,946- PeopleReader: People0 chose the book = Book8
08/Jan/2023 22:18:51,946- Book: People0: Book8 start is reading...
08/Jan/2023 22:18:51,949- Book: People7: Book4 stop reading...
08/Jan/2023 22:18:51,958- Book: People0: Book8 stop reading...
08/Jan/2023 22:18:51,958- Book: People4: Book3 stop reading...
08/Jan/2023 22:18:51,980- PeopleReader: People0 chose the book = Book3
08/Jan/2023 22:18:51,980- Book: People0: Book3 start is reading...
08/Jan/2023 22:18:52,185- Book: People4: Book9 stop reading...
08/Jan/2023 22:18:52,201- PeopleReader: People5 left library
08/Jan/2023 22:18:52,203- PeopleReader: People3 left library
08/Jan/2023 22:18:52,216- PeopleReader: People7 left library
08/Jan/2023 22:18:52,317- Book: People0: Book7 stop reading...
08/Jan/2023 22:18:52,333- PeopleReader: People6 left library
08/Jan/2023 22:18:52,700- Book: People0: Book3 stop reading...
08/Jan/2023 22:18:52,743- Book: People0: Book6 stop reading...
08/Jan/2023 22:18:53,093- PeopleReader: People4 left library
08/Jan/2023 22:18:53,652- PeopleReader: People0 left library
08/Jan/2023 22:18:55,745- LibraryThreadRun: Application stopped
